tests-android/android - AS/UIAppTemplate/build/outputs/logs/manifest-merger-debug-report.txt
-- Merging decision tree log ---
manifest
ADDED from android - AS/UIAppTemplate/AndroidManifest.xml:2:1-158:12
	package
		ADDED from android - AS/UIAppTemplate/AndroidManifest.xml:3:5-47
	android:versionName
		ADDED from android - AS/UIAppTemplate/AndroidManifest.xml:5:5-32
	android:versionCode
		ADDED from android - AS/UIAppTemplate/AndroidManifest.xml:4:5-28
		INJECTED from android - AS/UIAppTemplate/AndroidManifest.xml
		INJECTED from android - AS/UIAppTemplate/AndroidManifest.xml
	xmlns:android
		ADDED from android - AS/UIAppTemplate/AndroidManifest.xml:2:11-69
uses-sdk
ADDED from android - AS/UIAppTemplate/AndroidManifest.xml:7:5-9:41
MERGED from [android - AS:StickyListHeaders:unspecified] AndroidManifest.xml:7:5-9:41
MERGED from [android - AS:android-support-v7-appcompat:unspecified] AndroidManifest.xml:20:5-43
	android:targetSdkVersion
		ADDED from android - AS/UIAppTemplate/AndroidManifest.xml:9:9-38
	android:minSdkVersion
		ADDED from android - AS/UIAppTemplate/AndroidManifest.xml:8:9-35
uses-permission#android.permission.ACCESS_NETWORK_STATE
ADDED from android - AS/UIAppTemplate/AndroidManifest.xml:11:5-79
	android:name
		ADDED from android - AS/UIAppTemplate/AndroidManifest.xml:11:22-76
uses-permission#android.permission.INTERNET
ADDED from android - AS/UIAppTemplate/AndroidManifest.xml:12:5-67
	android:name
		ADDED from android - AS/UIAppTemplate/AndroidManifest.xml:12:22-64
application
ADDED from android - AS/UIAppTemplate/AndroidManifest.xml:14:5-156:19
MERGED from [android - AS:android-support-v7-appcompat:unspecified] AndroidManifest.xml:22:5-20
	android:label
		ADDED from android - AS/UIAppTemplate/AndroidManifest.xml:17:9-41
	android:allowBackup
		ADDED from android - AS/UIAppTemplate/AndroidManifest.xml:15:9-35
	android:icon
		ADDED from android - AS/UIAppTemplate/AndroidManifest.xml:16:9-45
	android:theme
		ADDED from android - AS/UIAppTemplate/AndroidManifest.xml:18:9-40
activity#com.csform.android.uiapptemplate.MainActivity
ADDED from android - AS/UIAppTemplate/AndroidManifest.xml:19:9-28:20
	android:label
		ADDED from android - AS/UIAppTemplate/AndroidManifest.xml:21:13-45
	android:theme
		ADDED from android - AS/UIAppTemplate/AndroidManifest.xml:22:13-56
	android:name
		ADDED from android - AS/UIAppTemplate/AndroidManifest.xml:20:13-41
intent-filter#android.intent.action.MAIN+android.intent.category.LAUNCHER
ADDED from android - AS/UIAppTemplate/AndroidManifest.xml:23:13-27:29
action#android.intent.action.MAIN
ADDED from android - AS/UIAppTemplate/AndroidManifest.xml:24:17-69
	android:name
		ADDED from android - AS/UIAppTemplate/AndroidManifest.xml:24:25-66
category#android.intent.category.LAUNCHER
ADDED from android - AS/UIAppTemplate/AndroidManifest.xml:26:17-77
	android:name
		ADDED from android - AS/UIAppTemplate/AndroidManifest.xml:26:27-74
activity#com.csform.android.uiapptemplate.ParallaxKenBurnsActivity
ADDED from android - AS/UIAppTemplate/AndroidManifest.xml:29:9-31:55
	android:theme
		ADDED from android - AS/UIAppTemplate/AndroidManifest.xml:31:13-52
	android:name
		ADDED from android - AS/UIAppTemplate/AndroidManifest.xml:30:13-53
activity#com.csform.android.uiapptemplate.ParallaxActivity
ADDED from android - AS/UIAppTemplate/AndroidManifest.xml:32:9-54
	android:name
		ADDED from android - AS/UIAppTemplate/AndroidManifest.xml:32:19-51
activity#com.csform.android.uiapptemplate.ParallaxTravelActivity
ADDED from android - AS/UIAppTemplate/AndroidManifest.xml:33:9-60
	android:name
		ADDED from android - AS/UIAppTemplate/AndroidManifest.xml:33:19-57
activity#com.csform.android.uiapptemplate.ParallaxSocialActivity
ADDED from android - AS/UIAppTemplate/AndroidManifest.xml:34:9-60
	android:name
		ADDED from android - AS/UIAppTemplate/AndroidManifest.xml:34:19-57
activity#com.csform.android.uiapptemplate.ParallaxMediaActivity
ADDED from android - AS/UIAppTemplate/AndroidManifest.xml:35:9-59
	android:name
		ADDED from android - AS/UIAppTemplate/AndroidManifest.xml:35:19-56
activity#com.csform.android.uiapptemplate.ParallaxShopActivity
ADDED from android - AS/UIAppTemplate/AndroidManifest.xml:36:9-58
	android:name
		ADDED from android - AS/UIAppTemplate/AndroidManifest.xml:36:19-55
activity#com.csform.android.uiapptemplate.ImageGalleryCategoryActivity
ADDED from android - AS/UIAppTemplate/AndroidManifest.xml:37:9-39:56
	android:theme
		ADDED from android - AS/UIAppTemplate/AndroidManifest.xml:39:13-53
	android:name
		ADDED from android - AS/UIAppTemplate/AndroidManifest.xml:38:13-57
activity#com.csform.android.uiapptemplate.ImageGallerySubcategoryActivity
ADDED from android - AS/UIAppTemplate/AndroidManifest.xml:40:9-42:56
	android:theme
		ADDED from android - AS/UIAppTemplate/AndroidManifest.xml:42:13-53
	android:name
		ADDED from android - AS/UIAppTemplate/AndroidManifest.xml:41:13-60
activity#com.csform.android.uiapptemplate.LogInPageActivity
ADDED from android - AS/UIAppTemplate/AndroidManifest.xml:43:9-45:52
	android:screenOrientation
		ADDED from android - AS/UIAppTemplate/AndroidManifest.xml:45:13-49
	android:name
		ADDED from android - AS/UIAppTemplate/AndroidManifest.xml:44:13-46
activity#com.csform.android.uiapptemplate.RegisterPageActivity
ADDED from android - AS/UIAppTemplate/AndroidManifest.xml:46:9-48:52
	android:screenOrientation
		ADDED from android - AS/UIAppTemplate/AndroidManifest.xml:48:13-49
	android:name
		ADDED from android - AS/UIAppTemplate/AndroidManifest.xml:47:13-49
activity#com.csform.android.uiapptemplate.RegisterShopPageActivity
ADDED from android - AS/UIAppTemplate/AndroidManifest.xml:49:9-51:52
	android:screenOrientation
		ADDED from android - AS/UIAppTemplate/AndroidManifest.xml:51:13-49
	android:name
		ADDED from android - AS/UIAppTemplate/AndroidManifest.xml:50:13-53
activity#com.csform.android.uiapptemplate.SplashScreensActivity
ADDED from android - AS/UIAppTemplate/AndroidManifest.xml:52:9-59
	android:name
		ADDED from android - AS/UIAppTemplate/AndroidManifest.xml:52:19-56
activity#com.csform.android.uiapptemplate.ListViewsActivity
ADDED from android - AS/UIAppTemplate/AndroidManifest.xml:53:9-55
	android:name
		ADDED from android - AS/UIAppTemplate/AndroidManifest.xml:53:19-52
activity#com.csform.android.uiapptemplate.LeftMenusActivity
ADDED from android - AS/UIAppTemplate/AndroidManifest.xml:54:9-56:59
	android:theme
		ADDED from android - AS/UIAppTemplate/AndroidManifest.xml:56:13-56
	android:name
		ADDED from android - AS/UIAppTemplate/AndroidManifest.xml:55:13-46
activity#com.csform.android.uiapptemplate.LeftMenusTravelActivity
ADDED from android - AS/UIAppTemplate/AndroidManifest.xml:57:9-59:59
	android:theme
		ADDED from android - AS/UIAppTemplate/AndroidManifest.xml:59:13-56
	android:name
		ADDED from android - AS/UIAppTemplate/AndroidManifest.xml:58:13-52
activity#com.csform.android.uiapptemplate.LeftMenusSocialActivity
ADDED from android - AS/UIAppTemplate/AndroidManifest.xml:60:9-62:59
	android:theme
		ADDED from android - AS/UIAppTemplate/AndroidManifest.xml:62:13-56
	android:name
		ADDED from android - AS/UIAppTemplate/AndroidManifest.xml:61:13-52
activity#com.csform.android.uiapptemplate.LeftMenusMediaActivity
ADDED from android - AS/UIAppTemplate/AndroidManifest.xml:63:9-65:59
	android:theme
		ADDED from android - AS/UIAppTemplate/AndroidManifest.xml:65:13-56
	android:name
		ADDED from android - AS/UIAppTemplate/AndroidManifest.xml:64:13-51
activity#com.csform.android.uiapptemplate.LeftMenusShopActivity
ADDED from android - AS/UIAppTemplate/AndroidManifest.xml:66:9-68:59
	android:theme
		ADDED from android - AS/UIAppTemplate/AndroidManifest.xml:68:13-56
	android:name
		ADDED from android - AS/UIAppTemplate/AndroidManifest.xml:67:13-50
activity#com.csform.android.uiapptemplate.LeftMenusNewsActivity
ADDED from android - AS/UIAppTemplate/AndroidManifest.xml:69:9-71:59
	android:theme
		ADDED from android - AS/UIAppTemplate/AndroidManifest.xml:71:13-56
	android:name
		ADDED from android - AS/UIAppTemplate/AndroidManifest.xml:70:13-50
activity#com.csform.android.uiapptemplate.SearchBarsActivity
ADDED from android - AS/UIAppTemplate/AndroidManifest.xml:72:9-56
	android:name
		ADDED from android - AS/UIAppTemplate/AndroidManifest.xml:72:19-53
activity#com.csform.android.uiapptemplate.SearchBarShopActivity
ADDED from android - AS/UIAppTemplate/AndroidManifest.xml:73:9-75:57
	android:windowSoftInputMode
		ADDED from android - AS/UIAppTemplate/AndroidManifest.xml:75:13-54
	android:name
		ADDED from android - AS/UIAppTemplate/AndroidManifest.xml:74:13-50
activity#com.csform.android.uiapptemplate.SearchBarMediaActivity
ADDED from android - AS/UIAppTemplate/AndroidManifest.xml:76:9-78:57
	android:windowSoftInputMode
		ADDED from android - AS/UIAppTemplate/AndroidManifest.xml:78:13-54
	android:name
		ADDED from android - AS/UIAppTemplate/AndroidManifest.xml:77:13-51
activity#com.csform.android.uiapptemplate.CategoriesListViewActivity
ADDED from android - AS/UIAppTemplate/AndroidManifest.xml:79:9-64
	android:name
		ADDED from android - AS/UIAppTemplate/AndroidManifest.xml:79:19-61
activity#com.csform.android.uiapptemplate.DragAndDropSocialActivity
ADDED from android - AS/UIAppTemplate/AndroidManifest.xml:80:9-63
	android:name
		ADDED from android - AS/UIAppTemplate/AndroidManifest.xml:80:19-60
activity#com.csform.android.uiapptemplate.DragAndDropMediaActivity
ADDED from android - AS/UIAppTemplate/AndroidManifest.xml:81:9-62
	android:name
		ADDED from android - AS/UIAppTemplate/AndroidManifest.xml:81:19-59
activity#com.csform.android.uiapptemplate.DragAndDropShopActivity
ADDED from android - AS/UIAppTemplate/AndroidManifest.xml:82:9-61
	android:name
		ADDED from android - AS/UIAppTemplate/AndroidManifest.xml:82:19-58
activity#com.csform.android.uiapptemplate.DragAndDropTravelActivity
ADDED from android - AS/UIAppTemplate/AndroidManifest.xml:83:9-63
	android:name
		ADDED from android - AS/UIAppTemplate/AndroidManifest.xml:83:19-60
activity#com.csform.android.uiapptemplate.SwipToDissmissListViewActivity
ADDED from android - AS/UIAppTemplate/AndroidManifest.xml:84:9-68
	android:name
		ADDED from android - AS/UIAppTemplate/AndroidManifest.xml:84:19-65
activity#com.csform.android.uiapptemplate.SwipToDissmissMediaActivity
ADDED from android - AS/UIAppTemplate/AndroidManifest.xml:85:9-65
	android:name
		ADDED from android - AS/UIAppTemplate/AndroidManifest.xml:85:19-62
activity#com.csform.android.uiapptemplate.SwipToDissmissShopActivity
ADDED from android - AS/UIAppTemplate/AndroidManifest.xml:86:9-64
	android:name
		ADDED from android - AS/UIAppTemplate/AndroidManifest.xml:86:19-61
activity#com.csform.android.uiapptemplate.GoogleCardsActivity
ADDED from android - AS/UIAppTemplate/AndroidManifest.xml:87:9-57
	android:name
		ADDED from android - AS/UIAppTemplate/AndroidManifest.xml:87:19-54
activity#com.csform.android.uiapptemplate.GoogleCardsTravelActivity
ADDED from android - AS/UIAppTemplate/AndroidManifest.xml:88:9-63
	android:name
		ADDED from android - AS/UIAppTemplate/AndroidManifest.xml:88:19-60
activity#com.csform.android.uiapptemplate.GoogleCardsMediaActivity
ADDED from android - AS/UIAppTemplate/AndroidManifest.xml:89:9-62
	android:name
		ADDED from android - AS/UIAppTemplate/AndroidManifest.xml:89:19-59
activity#com.csform.android.uiapptemplate.GoogleCardsShopActivity
ADDED from android - AS/UIAppTemplate/AndroidManifest.xml:90:9-61
	android:name
		ADDED from android - AS/UIAppTemplate/AndroidManifest.xml:90:19-58
activity#com.csform.android.uiapptemplate.GoogleCardsSocialActivity
ADDED from android - AS/UIAppTemplate/AndroidManifest.xml:91:9-63
	android:name
		ADDED from android - AS/UIAppTemplate/AndroidManifest.xml:91:19-60
activity#com.csform.android.uiapptemplate.ExpandableListViewActivity
ADDED from android - AS/UIAppTemplate/AndroidManifest.xml:92:9-64
	android:name
		ADDED from android - AS/UIAppTemplate/AndroidManifest.xml:92:19-61
activity#com.csform.android.uiapptemplate.ExpandableMediaListViewActivity
ADDED from android - AS/UIAppTemplate/AndroidManifest.xml:93:9-69
	android:name
		ADDED from android - AS/UIAppTemplate/AndroidManifest.xml:93:19-66
activity#com.csform.android.uiapptemplate.ExpandableSocialListViewActivity
ADDED from android - AS/UIAppTemplate/AndroidManifest.xml:94:9-70
	android:name
		ADDED from android - AS/UIAppTemplate/AndroidManifest.xml:94:19-67
activity#com.csform.android.uiapptemplate.ExpandableTravelListViewActivity
ADDED from android - AS/UIAppTemplate/AndroidManifest.xml:95:9-70
	android:name
		ADDED from android - AS/UIAppTemplate/AndroidManifest.xml:95:19-67
activity#com.csform.android.uiapptemplate.ExpandableShopListViewActivity
ADDED from android - AS/UIAppTemplate/AndroidManifest.xml:96:9-68
	android:name
		ADDED from android - AS/UIAppTemplate/AndroidManifest.xml:96:19-65
activity#com.csform.android.uiapptemplate.StickyListHeadersActivity
ADDED from android - AS/UIAppTemplate/AndroidManifest.xml:97:9-63
	android:name
		ADDED from android - AS/UIAppTemplate/AndroidManifest.xml:97:19-60
activity#com.csform.android.uiapptemplate.DialogUniversalInfoActivity
ADDED from android - AS/UIAppTemplate/AndroidManifest.xml:98:9-65
	android:name
		ADDED from android - AS/UIAppTemplate/AndroidManifest.xml:98:19-62
activity#com.csform.android.uiapptemplate.DialogMediaActivity
ADDED from android - AS/UIAppTemplate/AndroidManifest.xml:99:9-57
	android:name
		ADDED from android - AS/UIAppTemplate/AndroidManifest.xml:99:19-54
activity#com.csform.android.uiapptemplate.DialogTravelActivity
ADDED from android - AS/UIAppTemplate/AndroidManifest.xml:100:9-58
	android:name
		ADDED from android - AS/UIAppTemplate/AndroidManifest.xml:100:19-55
activity#com.csform.android.uiapptemplate.DialogShopActivity
ADDED from android - AS/UIAppTemplate/AndroidManifest.xml:101:9-56
	android:name
		ADDED from android - AS/UIAppTemplate/AndroidManifest.xml:101:19-53
activity#com.csform.android.uiapptemplate.DialogSocialActivity
ADDED from android - AS/UIAppTemplate/AndroidManifest.xml:102:9-58
	android:name
		ADDED from android - AS/UIAppTemplate/AndroidManifest.xml:102:19-55
activity#com.csform.android.uiapptemplate.DialogUniversalWarningActivity
ADDED from android - AS/UIAppTemplate/AndroidManifest.xml:104:9-68
	android:name
		ADDED from android - AS/UIAppTemplate/AndroidManifest.xml:104:19-65
activity#com.csform.android.uiapptemplate.WizardTravelActivity
ADDED from android - AS/UIAppTemplate/AndroidManifest.xml:106:9-110:70
	android:screenOrientation
		ADDED from android - AS/UIAppTemplate/AndroidManifest.xml:108:13-49
	android:windowSoftInputMode
		ADDED from android - AS/UIAppTemplate/AndroidManifest.xml:110:13-67
	android:theme
		ADDED from android - AS/UIAppTemplate/AndroidManifest.xml:109:13-48
	android:name
		ADDED from android - AS/UIAppTemplate/AndroidManifest.xml:107:13-49
activity#com.csform.android.uiapptemplate.WizardMediaActivity
ADDED from android - AS/UIAppTemplate/AndroidManifest.xml:111:9-115:70
	android:screenOrientation
		ADDED from android - AS/UIAppTemplate/AndroidManifest.xml:113:13-49
	android:windowSoftInputMode
		ADDED from android - AS/UIAppTemplate/AndroidManifest.xml:115:13-67
	android:theme
		ADDED from android - AS/UIAppTemplate/AndroidManifest.xml:114:13-48
	android:name
		ADDED from android - AS/UIAppTemplate/AndroidManifest.xml:112:13-48
activity#com.csform.android.uiapptemplate.WizardShopActivity
ADDED from android - AS/UIAppTemplate/AndroidManifest.xml:116:9-120:70
	android:screenOrientation
		ADDED from android - AS/UIAppTemplate/AndroidManifest.xml:118:13-49
	android:windowSoftInputMode
		ADDED from android - AS/UIAppTemplate/AndroidManifest.xml:120:13-67
	android:theme
		ADDED from android - AS/UIAppTemplate/AndroidManifest.xml:119:13-48
	android:name
		ADDED from android - AS/UIAppTemplate/AndroidManifest.xml:117:13-47
activity#com.csform.android.uiapptemplate.WizardSocialActivity
ADDED from android - AS/UIAppTemplate/AndroidManifest.xml:121:9-125:70
	android:screenOrientation
		ADDED from android - AS/UIAppTemplate/AndroidManifest.xml:123:13-49
	android:windowSoftInputMode
		ADDED from android - AS/UIAppTemplate/AndroidManifest.xml:125:13-67
	android:theme
		ADDED from android - AS/UIAppTemplate/AndroidManifest.xml:124:13-48
	android:name
		ADDED from android - AS/UIAppTemplate/AndroidManifest.xml:122:13-49
activity#com.csform.android.uiapptemplate.WizardUniversalActivity
ADDED from android - AS/UIAppTemplate/AndroidManifest.xml:126:9-130:70
	android:screenOrientation
		ADDED from android - AS/UIAppTemplate/AndroidManifest.xml:128:13-49
	android:windowSoftInputMode
		ADDED from android - AS/UIAppTemplate/AndroidManifest.xml:130:13-67
	android:theme
		ADDED from android - AS/UIAppTemplate/AndroidManifest.xml:129:13-48
	android:name
		ADDED from android - AS/UIAppTemplate/AndroidManifest.xml:127:13-52
activity#com.csform.android.uiapptemplate.TabMediaActivity
ADDED from android - AS/UIAppTemplate/AndroidManifest.xml:131:9-135:70
	android:screenOrientation
		ADDED from android - AS/UIAppTemplate/AndroidManifest.xml:133:13-49
	android:windowSoftInputMode
		ADDED from android - AS/UIAppTemplate/AndroidManifest.xml:135:13-67
	android:theme
		ADDED from android - AS/UIAppTemplate/AndroidManifest.xml:134:13-48
	android:name
		ADDED from android - AS/UIAppTemplate/AndroidManifest.xml:132:13-45
activity#com.csform.android.uiapptemplate.TabShopActivity
ADDED from android - AS/UIAppTemplate/AndroidManifest.xml:136:9-140:70
	android:screenOrientation
		ADDED from android - AS/UIAppTemplate/AndroidManifest.xml:138:13-49
	android:windowSoftInputMode
		ADDED from android - AS/UIAppTemplate/AndroidManifest.xml:140:13-67
	android:theme
		ADDED from android - AS/UIAppTemplate/AndroidManifest.xml:139:13-48
	android:name
		ADDED from android - AS/UIAppTemplate/AndroidManifest.xml:137:13-44
activity#com.csform.android.uiapptemplate.TabSocialActivity
ADDED from android - AS/UIAppTemplate/AndroidManifest.xml:141:9-145:70
	android:screenOrientation
		ADDED from android - AS/UIAppTemplate/AndroidManifest.xml:143:13-49
	android:windowSoftInputMode
		ADDED from android - AS/UIAppTemplate/AndroidManifest.xml:145:13-67
	android:theme
		ADDED from android - AS/UIAppTemplate/AndroidManifest.xml:144:13-48
	android:name
		ADDED from android - AS/UIAppTemplate/AndroidManifest.xml:142:13-46
activity#com.csform.android.uiapptemplate.TabTravelActivity
ADDED from android - AS/UIAppTemplate/AndroidManifest.xml:146:9-150:70
	android:screenOrientation
		ADDED from android - AS/UIAppTemplate/AndroidManifest.xml:148:13-49
	android:windowSoftInputMode
		ADDED from android - AS/UIAppTemplate/AndroidManifest.xml:150:13-67
	android:theme
		ADDED from android - AS/UIAppTemplate/AndroidManifest.xml:149:13-48
	android:name
		ADDED from android - AS/UIAppTemplate/AndroidManifest.xml:147:13-46
activity#com.csform.android.uiapptemplate.TabUniversalActivity
ADDED from android - AS/UIAppTemplate/AndroidManifest.xml:151:9-155:70
	android:screenOrientation
		ADDED from android - AS/UIAppTemplate/AndroidManifest.xml:153:13-49
	android:windowSoftInputMode
		ADDED from android - AS/UIAppTemplate/AndroidManifest.xml:155:13-67
	android:theme
		ADDED from android - AS/UIAppTemplate/AndroidManifest.xml:154:13-48
	android:name
		ADDED from android - AS/UIAppTemplate/AndroidManifest.xml:152:13-49